app/build/outputs/logs/manifest-merger-debug-report.txt
-- Merging decision tree log ---
manifest
ADDED from AndroidManifest.xml:2:1
	xmlns:android
		ADDED from AndroidManifest.xml:2:11
	package
		ADDED from AndroidManifest.xml:3:7
		INJECTED from AndroidManifest.xml:0:0
		INJECTED from AndroidManifest.xml:0:0
	android:versionName
		ADDED from AndroidManifest.xml:5:7
	android:versionCode
		ADDED from AndroidManifest.xml:4:7
		INJECTED from AndroidManifest.xml:0:0
		INJECTED from AndroidManifest.xml:0:0
supports-screens
ADDED from AndroidManifest.xml:6:7
application
ADDED from AndroidManifest.xml:8:5
	android:label
		ADDED from AndroidManifest.xml:9:6
	android:icon
		ADDED from AndroidManifest.xml:8:18
	android:theme
		ADDED from AndroidManifest.xml:10:6
uses-library#com.google.android.maps
ADDED from AndroidManifest.xml:11:6
	android:name
		ADDED from AndroidManifest.xml:11:20
activity#com.collaborynth.planningalertsau.PlanningAlerts
ADDED from AndroidManifest.xml:12:9
	android:label
		ADDED from AndroidManifest.xml:13:19
	android:name
		ADDED from AndroidManifest.xml:12:19
intent-filter#android.intent.action.MAIN+android.intent.category.LAUNCHER
ADDED from AndroidManifest.xml:14:13
action#android.intent.action.MAIN
ADDED from AndroidManifest.xml:15:17
	android:name
		ADDED from AndroidManifest.xml:15:25
category#android.intent.category.LAUNCHER
ADDED from AndroidManifest.xml:16:17
	android:name
		ADDED from AndroidManifest.xml:16:27
activity#com.collaborynth.planningalertsau.PlanningPreferences
ADDED from AndroidManifest.xml:20:5
	android:label
		ADDED from AndroidManifest.xml:20:15
	android:name
		ADDED from AndroidManifest.xml:20:43
activity#com.collaborynth.planningalertsau.AlertsDisplay
ADDED from AndroidManifest.xml:22:1
	android:name
		ADDED from AndroidManifest.xml:23:2
activity#com.collaborynth.planningalertsau.MapAlertsDisplay
ADDED from AndroidManifest.xml:24:1
	android:name
		ADDED from AndroidManifest.xml:25:2
activity#com.collaborynth.planningalertsau.AlertWebDisplay
ADDED from AndroidManifest.xml:26:1
	android:theme
		ADDED from AndroidManifest.xml:28:2
	android:name
		ADDED from AndroidManifest.xml:27:2
activity#com.collaborynth.planningalertsau.SavedSearchesDisplay
ADDED from AndroidManifest.xml:30:1
	android:name
		ADDED from AndroidManifest.xml:31:2
uses-permission#android.permission.INTERNET
ADDED from AndroidManifest.xml:33:1
	android:name
		ADDED from AndroidManifest.xml:33:18
uses-permission#android.permission.ACCESS_FINE_LOCATION
ADDED from AndroidManifest.xml:35:1
	android:name
		ADDED from AndroidManifest.xml:35:18
uses-permission#android.permission.ACCESS_COARSE_LOCATION
ADDED from AndroidManifest.xml:36:1
	android:name
		ADDED from AndroidManifest.xml:36:18
uses-sdk
ADDED from AndroidManifest.xml:37:1
	android:targetSdkVersion
		INJECTED from AndroidManifest.xml:0:0
		INJECTED from AndroidManifest.xml:0:0
	android:minSdkVersion
		ADDED from AndroidManifest.xml:37:11
		INJECTED from AndroidManifest.xml:0:0
		INJECTED from AndroidManifest.xml:0:0